[0;32m[2025-06-10 11:59:45][0m Vérification des prérequis...
[0;32m[2025-06-10 11:59:45][0m Configuration pour l'environnement de DÉVELOPPEMENT
[0;32m[2025-06-10 11:59:45][0m Début du déploiement de l'admin dashboard...
[0;32m[2025-06-10 11:59:46][0m Arrêt de l'ancien conteneur admin...
[0;32m[2025-06-10 11:59:46][0m Construction de l'image admin...
[0;32m[2025-06-10 12:01:16][0m Démarrage des services...
[0;32m[2025-06-10 12:01:21][0m Attente du démarrage du service...
[0;32m[2025-06-10 12:01:31][0m Vérification de la santé de l'admin dashboard...
[0;34m[INFO][0m Tentative 1/30...
[0;34m[INFO][0m Tentative 2/30...
[0;34m[INFO][0m Tentative 3/30...
[0;34m[INFO][0m Tentative 4/30...
[0;34m[INFO][0m Tentative 5/30...
[0;34m[INFO][0m Tentative 6/30...
[0;34m[INFO][0m Tentative 7/30...
[0;34m[INFO][0m Tentative 8/30...
[0;34m[INFO][0m Tentative 9/30...
[0;34m[INFO][0m Tentative 10/30...
[0;34m[INFO][0m Tentative 11/30...
[0;34m[INFO][0m Tentative 12/30...
[0;34m[INFO][0m Tentative 13/30...
[0;34m[INFO][0m Tentative 14/30...
[0;34m[INFO][0m Tentative 15/30...
[0;34m[INFO][0m Tentative 16/30...
[0;34m[INFO][0m Tentative 17/30...
[0;34m[INFO][0m Tentative 18/30...
[0;34m[INFO][0m Tentative 19/30...
[0;34m[INFO][0m Tentative 20/30...
[0;34m[INFO][0m Tentative 21/30...
[0;34m[INFO][0m Tentative 22/30...
[0;34m[INFO][0m Tentative 23/30...
[0;34m[INFO][0m Tentative 24/30...
[0;34m[INFO][0m Tentative 25/30...
[0;34m[INFO][0m Tentative 26/30...
[0;34m[INFO][0m Tentative 27/30...
[0;34m[INFO][0m Tentative 28/30...
[0;34m[INFO][0m Tentative 29/30...
[0;34m[INFO][0m Tentative 30/30...
[0;31m[ERROR][0m ❌ L'admin dashboard n'est pas accessible après 30 tentatives
